<?xml version="1.0" encoding="UTF-8"?>
<!-- Generated by org.testng.reporters.JUnitXMLReporter -->
<testsuite ignored="0" hostname="MAA-5CG2206DD1" failures="2" tests="6" name="AdNabu Regression Tests" time="59.314" errors="0" timestamp="2026-03-13T12:38:22 IST">
  <testcase classname="testcases.AssigmentTest" name="tc01_SuccessfulSearch" time="2.844"/>
  <testcase classname="testcases.AssigmentTest" name="tc02_InvalidSearch" time="2.328"/>
  <testcase classname="testcases.AssigmentTest" name="tc03_EdgeCaseLongSearch" time="2.394"/>
  <testcase classname="testcases.AssigmentTest" name="tc04_Positive_FilterAndAddToCart" time="5.943"/>
  <testcase classname="testcases.AssigmentTest" name="tc05_Negative_Buy_it_now_btnDisabled" time="1.401">
    <failure type="java.lang.AssertionError" message="Bug found: The Sold Out button is actually clickable! expected [false] but found [true]">
      <![CDATA[java.lang.AssertionError: Bug found: The Sold Out button is actually clickable! expected [false] but found [true]
at testcases.AssigmentTest.tc05_Negative_Buy_it_now_btnDisabled(AssigmentTest.java:278)
at java.base/java.util.ArrayList.forEach(ArrayList.java:1511)
... Removed 30 stack frames]]>
    </failure>
  </testcase> <!-- tc05_Negative_Buy_it_now_btnDisabled -->
  <testcase classname="testcases.AssigmentTest" name="tc06_Edgecase_increase_Qty" time="10.398">
    <failure type="java.lang.AssertionError" message="Unexpected quantity found: 61">
      <![CDATA[java.lang.AssertionError: Unexpected quantity found: 61
at testcases.AssigmentTest.tc06_Edgecase_increase_Qty(AssigmentTest.java:365)
at java.base/java.util.ArrayList.forEach(ArrayList.java:1511)
... Removed 28 stack frames]]>
    </failure>
  </testcase> <!-- tc06_Edgecase_increase_Qty -->
</testsuite> <!-- AdNabu Regression Tests -->
