<?xml version="1.0" encoding="UTF-8"?>
<testng-results ignored="0" total="6" passed="4" failed="2" skipped="0">
  <reporter-output>
  </reporter-output>
  <suite started-at="2026-03-13T12:37:23 IST" name="AdNabu Test Suite" finished-at="2026-03-13T12:38:22 IST" duration-ms="59314">
    <groups>
    </groups>
    <test started-at="2026-03-13T12:37:23 IST" name="AdNabu Regression Tests" finished-at="2026-03-13T12:38:22 IST" duration-ms="59314">
      <class name="testcases.AssigmentTest">
        <test-method is-config="true" signature="setupReport()[pri:0, instance:testcases.AssigmentTest@5aa9e4eb]" started-at="2026-03-13T12:37:22 IST" name="setupReport" finished-at="2026-03-13T12:37:23 IST" duration-ms="341" status="PASS">
          <reporter-output>
          </reporter-output>
        </test-method> <!-- setupReport -->
        <test-method is-config="true" signature="loginToStore()[pri:0, instance:testcases.AssigmentTest@5aa9e4eb]" started-at="2026-03-13T12:37:23 IST" name="loginToStore" finished-at="2026-03-13T12:37:28 IST" duration-ms="5427" status="PASS">
          <reporter-output>
          </reporter-output>
        </test-method> <!-- loginToStore -->
        <test-method signature="tc01_SuccessfulSearch()[pri:1, instance:testcases.AssigmentTest@5aa9e4eb]" started-at="2026-03-13T12:37:28 IST" name="tc01_SuccessfulSearch" finished-at="2026-03-13T12:37:31 IST" duration-ms="2844" status="PASS">
          <reporter-output>
          </reporter-output>
        </test-method> <!-- tc01_SuccessfulSearch -->
        <test-method is-config="true" signature="tearDown()[pri:0, instance:testcases.AssigmentTest@5aa9e4eb]" started-at="2026-03-13T12:37:31 IST" name="tearDown" finished-at="2026-03-13T12:37:32 IST" duration-ms="877" status="PASS">
          <reporter-output>
          </reporter-output>
        </test-method> <!-- tearDown -->
        <test-method is-config="true" signature="loginToStore()[pri:0, instance:testcases.AssigmentTest@5aa9e4eb]" started-at="2026-03-13T12:37:32 IST" name="loginToStore" finished-at="2026-03-13T12:37:36 IST" duration-ms="4094" status="PASS">
          <reporter-output>
          </reporter-output>
        </test-method> <!-- loginToStore -->
        <test-method signature="tc02_InvalidSearch()[pri:2, instance:testcases.AssigmentTest@5aa9e4eb]" started-at="2026-03-13T12:37:36 IST" name="tc02_InvalidSearch" finished-at="2026-03-13T12:37:38 IST" duration-ms="2328" status="PASS">
          <reporter-output>
          </reporter-output>
        </test-method> <!-- tc02_InvalidSearch -->
        <test-method is-config="true" signature="tearDown()[pri:0, instance:testcases.AssigmentTest@5aa9e4eb]" started-at="2026-03-13T12:37:38 IST" name="tearDown" finished-at="2026-03-13T12:37:39 IST" duration-ms="512" status="PASS">
          <reporter-output>
          </reporter-output>
        </test-method> <!-- tearDown -->
        <test-method is-config="true" signature="loginToStore()[pri:0, instance:testcases.AssigmentTest@5aa9e4eb]" started-at="2026-03-13T12:37:39 IST" name="loginToStore" finished-at="2026-03-13T12:37:45 IST" duration-ms="5998" status="PASS">
          <reporter-output>
          </reporter-output>
        </test-method> <!-- loginToStore -->
        <test-method signature="tc03_EdgeCaseLongSearch()[pri:3, instance:testcases.AssigmentTest@5aa9e4eb]" started-at="2026-03-13T12:37:45 IST" name="tc03_EdgeCaseLongSearch" finished-at="2026-03-13T12:37:47 IST" duration-ms="2394" status="PASS">
          <reporter-output>
          </reporter-output>
        </test-method> <!-- tc03_EdgeCaseLongSearch -->
        <test-method is-config="true" signature="tearDown()[pri:0, instance:testcases.AssigmentTest@5aa9e4eb]" started-at="2026-03-13T12:37:47 IST" name="tearDown" finished-at="2026-03-13T12:37:48 IST" duration-ms="794" status="PASS">
          <reporter-output>
          </reporter-output>
        </test-method> <!-- tearDown -->
        <test-method is-config="true" signature="loginToStore()[pri:0, instance:testcases.AssigmentTest@5aa9e4eb]" started-at="2026-03-13T12:37:48 IST" name="loginToStore" finished-at="2026-03-13T12:37:53 IST" duration-ms="5227" status="PASS">
          <reporter-output>
          </reporter-output>
        </test-method> <!-- loginToStore -->
        <test-method signature="tc04_Positive_FilterAndAddToCart()[pri:4, instance:testcases.AssigmentTest@5aa9e4eb]" started-at="2026-03-13T12:37:53 IST" name="tc04_Positive_FilterAndAddToCart" finished-at="2026-03-13T12:37:59 IST" duration-ms="5943" status="PASS">
          <reporter-output>
          </reporter-output>
        </test-method> <!-- tc04_Positive_FilterAndAddToCart -->
        <test-method is-config="true" signature="tearDown()[pri:0, instance:testcases.AssigmentTest@5aa9e4eb]" started-at="2026-03-13T12:37:59 IST" name="tearDown" finished-at="2026-03-13T12:38:00 IST" duration-ms="643" status="PASS">
          <reporter-output>
          </reporter-output>
        </test-method> <!-- tearDown -->
        <test-method is-config="true" signature="loginToStore()[pri:0, instance:testcases.AssigmentTest@5aa9e4eb]" started-at="2026-03-13T12:38:00 IST" name="loginToStore" finished-at="2026-03-13T12:38:05 IST" duration-ms="5394" status="PASS">
          <reporter-output>
          </reporter-output>
        </test-method> <!-- loginToStore -->
        <test-method signature="tc05_Negative_Buy_it_now_btnDisabled()[pri:5, instance:testcases.AssigmentTest@5aa9e4eb]" started-at="2026-03-13T12:38:05 IST" name="tc05_Negative_Buy_it_now_btnDisabled" finished-at="2026-03-13T12:38:07 IST" duration-ms="1401" status="FAIL">
          <exception class="java.lang.AssertionError">
            <message>
              <![CDATA[Bug found: The Sold Out button is actually clickable! expected [false] but found [true]]]>
            </message>
            <full-stacktrace>
              <![CDATA[java.lang.AssertionError: Bug found: The Sold Out button is actually clickable! expected [false] but found [true]
at org.testng.Assert.fail(Assert.java:111)
at org.testng.Assert.failNotEquals(Assert.java:1590)
at org.testng.Assert.assertFalse(Assert.java:79)
at testcases.AssigmentTest.tc05_Negative_Buy_it_now_btnDisabled(AssigmentTest.java:278)
at java.base/jdk.internal.reflect.NativeMethodAccessorImpl.invoke0(Native Method)
at java.base/jdk.internal.reflect.NativeMethodAccessorImpl.invoke(NativeMethodAccessorImpl.java:77)
at java.base/jdk.internal.reflect.DelegatingMethodAccessorImpl.invoke(DelegatingMethodAccessorImpl.java:43)
at java.base/java.lang.reflect.Method.invoke(Method.java:568)
at org.testng.internal.invokers.MethodInvocationHelper.invokeMethod(MethodInvocationHelper.java:141)
at org.testng.internal.invokers.TestInvoker.invokeMethod(TestInvoker.java:687)
at org.testng.internal.invokers.TestInvoker.invokeTestMethod(TestInvoker.java:230)
at org.testng.internal.invokers.MethodRunner.runInSequence(MethodRunner.java:63)
at org.testng.internal.invokers.TestInvoker$MethodInvocationAgent.invoke(TestInvoker.java:995)
at org.testng.internal.invokers.TestInvoker.invokeTestMethods(TestInvoker.java:203)
at org.testng.internal.invokers.TestMethodWorker.invokeTestMethods(TestMethodWorker.java:154)
at org.testng.internal.invokers.TestMethodWorker.run(TestMethodWorker.java:134)
at java.base/java.util.ArrayList.forEach(ArrayList.java:1511)
at org.testng.TestRunner.privateRun(TestRunner.java:741)
at org.testng.TestRunner.run(TestRunner.java:616)
at org.testng.SuiteRunner.runTest(SuiteRunner.java:421)
at org.testng.SuiteRunner.runSequentially(SuiteRunner.java:413)
at org.testng.SuiteRunner.privateRun(SuiteRunner.java:373)
at org.testng.SuiteRunner.run(SuiteRunner.java:312)
at org.testng.SuiteRunnerWorker.runSuite(SuiteRunnerWorker.java:52)
at org.testng.SuiteRunnerWorker.run(SuiteRunnerWorker.java:95)
at org.testng.TestNG.runSuitesSequentially(TestNG.java:1274)
at org.testng.TestNG.runSuitesLocally(TestNG.java:1208)
at org.testng.TestNG.runSuites(TestNG.java:1112)
at org.testng.TestNG.run(TestNG.java:1079)
at org.testng.remote.AbstractRemoteTestNG.run(AbstractRemoteTestNG.java:115)
at org.testng.remote.RemoteTestNG.initAndRun(RemoteTestNG.java:293)
at org.testng.remote.RemoteTestNG.main(RemoteTestNG.java:91)
]]>
            </full-stacktrace>
          </exception> <!-- java.lang.AssertionError -->
          <reporter-output>
          </reporter-output>
        </test-method> <!-- tc05_Negative_Buy_it_now_btnDisabled -->
        <test-method is-config="true" signature="tearDown()[pri:0, instance:testcases.AssigmentTest@5aa9e4eb]" started-at="2026-03-13T12:38:07 IST" name="tearDown" finished-at="2026-03-13T12:38:07 IST" duration-ms="592" status="PASS">
          <reporter-output>
          </reporter-output>
        </test-method> <!-- tearDown -->
        <test-method is-config="true" signature="loginToStore()[pri:0, instance:testcases.AssigmentTest@5aa9e4eb]" started-at="2026-03-13T12:38:07 IST" name="loginToStore" finished-at="2026-03-13T12:38:11 IST" duration-ms="3748" status="PASS">
          <reporter-output>
          </reporter-output>
        </test-method> <!-- loginToStore -->
        <test-method signature="tc06_Edgecase_increase_Qty()[pri:6, instance:testcases.AssigmentTest@5aa9e4eb]" started-at="2026-03-13T12:38:11 IST" name="tc06_Edgecase_increase_Qty" finished-at="2026-03-13T12:38:21 IST" duration-ms="10398" status="FAIL">
          <exception class="java.lang.AssertionError">
            <message>
              <![CDATA[Unexpected quantity found: 61]]>
            </message>
            <full-stacktrace>
              <![CDATA[java.lang.AssertionError: Unexpected quantity found: 61
at org.testng.Assert.fail(Assert.java:111)
at testcases.AssigmentTest.tc06_Edgecase_increase_Qty(AssigmentTest.java:365)
at java.base/jdk.internal.reflect.NativeMethodAccessorImpl.invoke0(Native Method)
at java.base/jdk.internal.reflect.NativeMethodAccessorImpl.invoke(NativeMethodAccessorImpl.java:77)
at java.base/jdk.internal.reflect.DelegatingMethodAccessorImpl.invoke(DelegatingMethodAccessorImpl.java:43)
at java.base/java.lang.reflect.Method.invoke(Method.java:568)
at org.testng.internal.invokers.MethodInvocationHelper.invokeMethod(MethodInvocationHelper.java:141)
at org.testng.internal.invokers.TestInvoker.invokeMethod(TestInvoker.java:687)
at org.testng.internal.invokers.TestInvoker.invokeTestMethod(TestInvoker.java:230)
at org.testng.internal.invokers.MethodRunner.runInSequence(MethodRunner.java:63)
at org.testng.internal.invokers.TestInvoker$MethodInvocationAgent.invoke(TestInvoker.java:995)
at org.testng.internal.invokers.TestInvoker.invokeTestMethods(TestInvoker.java:203)
at org.testng.internal.invokers.TestMethodWorker.invokeTestMethods(TestMethodWorker.java:154)
at org.testng.internal.invokers.TestMethodWorker.run(TestMethodWorker.java:134)
at java.base/java.util.ArrayList.forEach(ArrayList.java:1511)
at org.testng.TestRunner.privateRun(TestRunner.java:741)
at org.testng.TestRunner.run(TestRunner.java:616)
at org.testng.SuiteRunner.runTest(SuiteRunner.java:421)
at org.testng.SuiteRunner.runSequentially(SuiteRunner.java:413)
at org.testng.SuiteRunner.privateRun(SuiteRunner.java:373)
at org.testng.SuiteRunner.run(SuiteRunner.java:312)
at org.testng.SuiteRunnerWorker.runSuite(SuiteRunnerWorker.java:52)
at org.testng.SuiteRunnerWorker.run(SuiteRunnerWorker.java:95)
at org.testng.TestNG.runSuitesSequentially(TestNG.java:1274)
at org.testng.TestNG.runSuitesLocally(TestNG.java:1208)
at org.testng.TestNG.runSuites(TestNG.java:1112)
at org.testng.TestNG.run(TestNG.java:1079)
at org.testng.remote.AbstractRemoteTestNG.run(AbstractRemoteTestNG.java:115)
at org.testng.remote.RemoteTestNG.initAndRun(RemoteTestNG.java:293)
at org.testng.remote.RemoteTestNG.main(RemoteTestNG.java:91)
]]>
            </full-stacktrace>
          </exception> <!-- java.lang.AssertionError -->
          <reporter-output>
          </reporter-output>
        </test-method> <!-- tc06_Edgecase_increase_Qty -->
        <test-method is-config="true" signature="tearDown()[pri:0, instance:testcases.AssigmentTest@5aa9e4eb]" started-at="2026-03-13T12:38:21 IST" name="tearDown" finished-at="2026-03-13T12:38:22 IST" duration-ms="634" status="PASS">
          <reporter-output>
          </reporter-output>
        </test-method> <!-- tearDown -->
        <test-method is-config="true" signature="saveReport()[pri:0, instance:testcases.AssigmentTest@5aa9e4eb]" started-at="2026-03-13T12:38:22 IST" name="saveReport" finished-at="2026-03-13T12:38:22 IST" duration-ms="377" status="PASS">
          <reporter-output>
          </reporter-output>
        </test-method> <!-- saveReport -->
      </class> <!-- testcases.AssigmentTest -->
    </test> <!-- AdNabu Regression Tests -->
  </suite> <!-- AdNabu Test Suite -->
</testng-results>
